# JRE version: OpenJDK Runtime Environment Temurin-17.0.8.1+1 (17.0.8.1+1) (build 17.0.8.1+1)
# Java VM: OpenJDK 64-Bit Server VM Temurin-17.0.8.1+1 (17.0.8.1+1, mixed mode, tiered, compressed oops, compressed class ptrs, parallel gc, windows-amd64)
GC Precious Log:
 CPUs: 8 total, 8 available
 Memory: 8098M
 Large Page Support: Disabled
 NUMA Support: Disabled
 Compressed Oops: Enabled (32-bit)
 Alignments: Space 512K, Generation 512K, Heap 2M
 Heap Min Capacity: 100M
 Heap Initial Capacity: 100M
 Heap Max Capacity: 1G
 Pre-touch: Disabled
 Parallel Workers: 8
Heap:
 PSYoungGen      total 15872K, used 1380K [0x00000000eab00000, 0x00000000ebe00000, 0x0000000100000000)
  eden space 12800K, 0% used [0x00000000eab00000,0x00000000eab00000,0x00000000eb780000)
  from space 3072K, 44% used [0x00000000eb780000,0x00000000eb8d9210,0x00000000eba80000)
  to   space 2048K, 0% used [0x00000000ebc00000,0x00000000ebc00000,0x00000000ebe00000)
 ParOldGen       total 200704K, used 199833K [0x00000000c0000000, 0x00000000cc400000, 0x00000000eab00000)
  object space 200704K, 99% used [0x00000000c0000000,0x00000000cc3266f0,0x00000000cc400000)
 Metaspace       used 110424K, committed 112064K, reserved 1179648K
  class space    used 10975K, committed 11712K, reserved 1048576K
GC Heap History (20 events):
Event: 86791.068 GC heap after
{Heap after GC invocations=8665 (full 190):
 PSYoungGen      total 10752K, used 1268K [0x00000000eab00000, 0x00000000eb880000, 0x0000000100000000)
  eden space 9216K, 0% used [0x00000000eab00000,0x00000000eab00000,0x00000000eb400000)
  from space 1536K, 82% used [0x00000000eb700000,0x00000000eb83d200,0x00000000eb880000)
  to   space 2048K, 0% used [0x00000000eb480000,0x00000000eb480000,0x00000000eb680000)
 ParOldGen       total 200704K, used 188997K [0x00000000c0000000, 0x00000000cc400000, 0x00000000eab00000)
  object space 200704K, 94% used [0x00000000c0000000,0x00000000cb891440,0x00000000cc400000)
 Metaspace       used 110423K, committed 112064K, reserved 1179648K
  class space    used 10975K, committed 11712K, reserved 1048576K
}
Event: 86791.935 GC heap before
{Heap before GC invocations=8666 (full 190):
 PSYoungGen      total 10752K, used 10484K [0x00000000eab00000, 0x00000000eb880000, 0x0000000100000000)
  eden space 9216K, 100% used [0x00000000eab00000,0x00000000eb400000,0x00000000eb400000)
  from space 1536K, 82% used [0x00000000eb700000,0x00000000eb83d200,0x00000000eb880000)
  to   space 2048K, 0% used [0x00000000eb480000,0x00000000eb480000,0x00000000eb680000)
 ParOldGen       total 200704K, used 188997K [0x00000000c0000000, 0x00000000cc400000, 0x00000000eab00000)
  object space 200704K, 94% used [0x00000000c0000000,0x00000000cb891440,0x00000000cc400000)
 Metaspace       used 110423K, committed 112064K, reserved 1179648K
  class space    used 10975K, committed 11712K, reserved 1048576K
}
Event: 86791.939 GC heap after
{Heap after GC invocations=8666 (full 190):
 PSYoungGen      total 11776K, used 2020K [0x00000000eab00000, 0x00000000ebf00000, 0x0000000100000000)
  eden space 9728K, 0% used [0x00000000eab00000,0x00000000eab00000,0x00000000eb480000)
  from space 2048K, 98% used [0x00000000eb480000,0x00000000eb679010,0x00000000eb680000)
  to   space 4608K, 0% used [0x00000000eba80000,0x00000000eba80000,0x00000000ebf00000)
 ParOldGen       total 200704K, used 190937K [0x00000000c0000000, 0x00000000cc400000, 0x00000000eab00000)
  object space 200704K, 95% used [0x00000000c0000000,0x00000000cba76660,0x00000000cc400000)
 Metaspace       used 110423K, committed 112064K, reserved 1179648K
  class space    used 10975K, committed 11712K, reserved 1048576K
}
Event: 86792.742 GC heap before
{Heap before GC invocations=8667 (full 190):
 PSYoungGen      total 11776K, used 11748K [0x00000000eab00000, 0x00000000ebf00000, 0x0000000100000000)
  eden space 9728K, 100% used [0x00000000eab00000,0x00000000eb480000,0x00000000eb480000)
  from space 2048K, 98% used [0x00000000eb480000,0x00000000eb679010,0x00000000eb680000)
  to   space 4608K, 0% used [0x00000000eba80000,0x00000000eba80000,0x00000000ebf00000)
 ParOldGen       total 200704K, used 190937K [0x00000000c0000000, 0x00000000cc400000, 0x00000000eab00000)
  object space 200704K, 95% used [0x00000000c0000000,0x00000000cba76660,0x00000000cc400000)
 Metaspace       used 110423K, committed 112064K, reserved 1179648K
  class space    used 10975K, committed 11712K, reserved 1048576K
}
Event: 86792.812 GC heap after
{Heap after GC invocations=8667 (full 190):
 PSYoungGen      total 14848K, used 2912K [0x00000000eab00000, 0x00000000ebd80000, 0x0000000100000000)
  eden space 11776K, 0% used [0x00000000eab00000,0x00000000eab00000,0x00000000eb680000)
  from space 3072K, 94% used [0x00000000eba80000,0x00000000ebd58010,0x00000000ebd80000)
  to   space 3584K, 0% used [0x00000000eb680000,0x00000000eb680000,0x00000000eba00000)
 ParOldGen       total 200704K, used 192916K [0x00000000c0000000, 0x00000000cc400000, 0x00000000eab00000)
  object space 200704K, 96% used [0x00000000c0000000,0x00000000cbc65100,0x00000000cc400000)
 Metaspace       used 110423K, committed 112064K, reserved 1179648K
  class space    used 10975K, committed 11712K, reserved 1048576K
}
Event: 86793.342 GC heap before
{Heap before GC invocations=8668 (full 190):
 PSYoungGen      total 14848K, used 14688K [0x00000000eab00000, 0x00000000ebd80000, 0x0000000100000000)
  eden space 11776K, 100% used [0x00000000eab00000,0x00000000eb680000,0x00000000eb680000)
  from space 3072K, 94% used [0x00000000eba80000,0x00000000ebd58010,0x00000000ebd80000)
  to   space 3584K, 0% used [0x00000000eb680000,0x00000000eb680000,0x00000000eba00000)
 ParOldGen       total 200704K, used 192916K [0x00000000c0000000, 0x00000000cc400000, 0x00000000eab00000)
  object space 200704K, 96% used [0x00000000c0000000,0x00000000cbc65100,0x00000000cc400000)
 Metaspace       used 110424K, committed 112064K, reserved 1179648K
  class space    used 10975K, committed 11712K, reserved 1048576K
}
Event: 86793.410 GC heap after
{Heap after GC invocations=8668 (full 190):
 PSYoungGen      total 15360K, used 452K [0x00000000eab00000, 0x00000000ebc00000, 0x0000000100000000)
  eden space 11776K, 0% used [0x00000000eab00000,0x00000000eab00000,0x00000000eb680000)
  from space 3584K, 12% used [0x00000000eb680000,0x00000000eb6f1210,0x00000000eba00000)
  to   space 1536K, 0% used [0x00000000eba80000,0x00000000eba80000,0x00000000ebc00000)
 ParOldGen       total 200704K, used 194546K [0x00000000c0000000, 0x00000000cc400000, 0x00000000eab00000)
  object space 200704K, 96% used [0x00000000c0000000,0x00000000cbdfc870,0x00000000cc400000)
 Metaspace       used 110424K, committed 112064K, reserved 1179648K
  class space    used 10975K, committed 11712K, reserved 1048576K
}
Event: 86794.136 GC heap before
{Heap before GC invocations=8669 (full 190):
 PSYoungGen      total 15360K, used 12228K [0x00000000eab00000, 0x00000000ebc00000, 0x0000000100000000)
  eden space 11776K, 100% used [0x00000000eab00000,0x00000000eb680000,0x00000000eb680000)
  from space 3584K, 12% used [0x00000000eb680000,0x00000000eb6f1210,0x00000000eba00000)
  to   space 1536K, 0% used [0x00000000eba80000,0x00000000eba80000,0x00000000ebc00000)
 ParOldGen       total 200704K, used 194546K [0x00000000c0000000, 0x00000000cc400000, 0x00000000eab00000)
  object space 200704K, 96% used [0x00000000c0000000,0x00000000cbdfc870,0x00000000cc400000)
 Metaspace       used 110424K, committed 112064K, reserved 1179648K
  class space    used 10975K, committed 11712K, reserved 1048576K
}
Event: 86794.250 GC heap after
{Heap after GC invocations=8669 (full 190):
 PSYoungGen      total 12800K, used 922K [0x00000000eab00000, 0x00000000ebb80000, 0x0000000100000000)
  eden space 11776K, 0% used [0x00000000eab00000,0x00000000eab00000,0x00000000eb680000)
  from space 1024K, 90% used [0x00000000eba80000,0x00000000ebb66900,0x00000000ebb80000)
  to   space 1536K, 0% used [0x00000000eb880000,0x00000000eb880000,0x00000000eba00000)
 ParOldGen       total 200704K, used 194790K [0x00000000c0000000, 0x00000000cc400000, 0x00000000eab00000)
  object space 200704K, 97% used [0x00000000c0000000,0x00000000cbe39a90,0x00000000cc400000)
 Metaspace       used 110424K, committed 112064K, reserved 1179648K
  class space    used 10975K, committed 11712K, reserved 1048576K
}
Event: 86801.577 GC heap before
{Heap before GC invocations=8670 (full 190):
 PSYoungGen      total 12800K, used 12698K [0x00000000eab00000, 0x00000000ebb80000, 0x0000000100000000)
  eden space 11776K, 100% used [0x00000000eab00000,0x00000000eb680000,0x00000000eb680000)
  from space 1024K, 90% used [0x00000000eba80000,0x00000000ebb66900,0x00000000ebb80000)
  to   space 1536K, 0% used [0x00000000eb880000,0x00000000eb880000,0x00000000eba00000)
 ParOldGen       total 200704K, used 194790K [0x00000000c0000000, 0x00000000cc400000, 0x00000000eab00000)
  object space 200704K, 97% used [0x00000000c0000000,0x00000000cbe39a90,0x00000000cc400000)
 Metaspace       used 110424K, committed 112064K, reserved 1179648K
  class space    used 10975K, committed 11712K, reserved 1048576K
}
Event: 86801.613 GC heap after
{Heap after GC invocations=8670 (full 190):
 PSYoungGen      total 13312K, used 1520K [0x00000000eab00000, 0x00000000ebc80000, 0x0000000100000000)
  eden space 11776K, 0% used [0x00000000eab00000,0x00000000eab00000,0x00000000eb680000)
  from space 1536K, 99% used [0x00000000eb880000,0x00000000eb9fc320,0x00000000eba00000)
  to   space 2560K, 0% used [0x00000000eba00000,0x00000000eba00000,0x00000000ebc80000)
 ParOldGen       total 200704K, used 195598K [0x00000000c0000000, 0x00000000cc400000, 0x00000000eab00000)
  object space 200704K, 97% used [0x00000000c0000000,0x00000000cbf03a90,0x00000000cc400000)
 Metaspace       used 110424K, committed 112064K, reserved 1179648K
  class space    used 10975K, committed 11712K, reserved 1048576K
}
Event: 86801.658 GC heap before
{Heap before GC invocations=8671 (full 190):
 PSYoungGen      total 13312K, used 13296K [0x00000000eab00000, 0x00000000ebc80000, 0x0000000100000000)
  eden space 11776K, 100% used [0x00000000eab00000,0x00000000eb680000,0x00000000eb680000)
  from space 1536K, 99% used [0x00000000eb880000,0x00000000eb9fc320,0x00000000eba00000)
  to   space 2560K, 0% used [0x00000000eba00000,0x00000000eba00000,0x00000000ebc80000)
 ParOldGen       total 200704K, used 195598K [0x00000000c0000000, 0x00000000cc400000, 0x00000000eab00000)
  object space 200704K, 97% used [0x00000000c0000000,0x00000000cbf03a90,0x00000000cc400000)
 Metaspace       used 110424K, committed 112064K, reserved 1179648K
  class space    used 10975K, committed 11712K, reserved 1048576K
}
Event: 86801.684 GC heap after
{Heap after GC invocations=8671 (full 190):
 PSYoungGen      total 12800K, used 942K [0x00000000eab00000, 0x00000000ebb00000, 0x0000000100000000)
  eden space 11776K, 0% used [0x00000000eab00000,0x00000000eab00000,0x00000000eb680000)
  from space 1024K, 92% used [0x00000000eba00000,0x00000000ebaebb00,0x00000000ebb00000)
  to   space 1536K, 0% used [0x00000000eb800000,0x00000000eb800000,0x00000000eb980000)
 ParOldGen       total 200704K, used 196379K [0x00000000c0000000, 0x00000000cc400000, 0x00000000eab00000)
  object space 200704K, 97% used [0x00000000c0000000,0x00000000cbfc6c90,0x00000000cc400000)
 Metaspace       used 110424K, committed 112064K, reserved 1179648K
  class space    used 10975K, committed 11712K, reserved 1048576K
}
Event: 86801.760 GC heap before
{Heap before GC invocations=8672 (full 190):
 PSYoungGen      total 12800K, used 12718K [0x00000000eab00000, 0x00000000ebb00000, 0x0000000100000000)
  eden space 11776K, 100% used [0x00000000eab00000,0x00000000eb680000,0x00000000eb680000)
  from space 1024K, 92% used [0x00000000eba00000,0x00000000ebaebb00,0x00000000ebb00000)
  to   space 1536K, 0% used [0x00000000eb800000,0x00000000eb800000,0x00000000eb980000)
 ParOldGen       total 200704K, used 196379K [0x00000000c0000000, 0x00000000cc400000, 0x00000000eab00000)
  object space 200704K, 97% used [0x00000000c0000000,0x00000000cbfc6c90,0x00000000cc400000)
 Metaspace       used 110424K, committed 112064K, reserved 1179648K
  class space    used 10975K, committed 11712K, reserved 1048576K
}
Event: 86801.799 GC heap after
{Heap after GC invocations=8672 (full 190):
 PSYoungGen      total 14848K, used 1120K [0x00000000eab00000, 0x00000000ebc00000, 0x0000000100000000)
  eden space 13312K, 0% used [0x00000000eab00000,0x00000000eab00000,0x00000000eb800000)
  from space 1536K, 72% used [0x00000000eb800000,0x00000000eb918000,0x00000000eb980000)
  to   space 1536K, 0% used [0x00000000eba80000,0x00000000eba80000,0x00000000ebc00000)
 ParOldGen       total 200704K, used 197164K [0x00000000c0000000, 0x00000000cc400000, 0x00000000eab00000)
  object space 200704K, 98% used [0x00000000c0000000,0x00000000cc08b0b0,0x00000000cc400000)
 Metaspace       used 110424K, committed 112064K, reserved 1179648K
  class space    used 10975K, committed 11712K, reserved 1048576K
}
Event: 86802.185 GC heap before
{Heap before GC invocations=8673 (full 190):
 PSYoungGen      total 14848K, used 14432K [0x00000000eab00000, 0x00000000ebc00000, 0x0000000100000000)
  eden space 13312K, 100% used [0x00000000eab00000,0x00000000eb800000,0x00000000eb800000)
  from space 1536K, 72% used [0x00000000eb800000,0x00000000eb918000,0x00000000eb980000)
  to   space 1536K, 0% used [0x00000000eba80000,0x00000000eba80000,0x00000000ebc00000)
 ParOldGen       total 200704K, used 197164K [0x00000000c0000000, 0x00000000cc400000, 0x00000000eab00000)
  object space 200704K, 98% used [0x00000000c0000000,0x00000000cc08b0b0,0x00000000cc400000)
 Metaspace       used 110424K, committed 112064K, reserved 1179648K
  class space    used 10975K, committed 11712K, reserved 1048576K
}
Event: 86802.326 GC heap after
{Heap after GC invocations=8673 (full 190):
 PSYoungGen      total 14336K, used 1534K [0x00000000eab00000, 0x00000000ec100000, 0x0000000100000000)
  eden space 12800K, 0% used [0x00000000eab00000,0x00000000eab00000,0x00000000eb780000)
  from space 1536K, 99% used [0x00000000eba80000,0x00000000ebbffb10,0x00000000ebc00000)
  to   space 3072K, 0% used [0x00000000eb780000,0x00000000eb780000,0x00000000eba80000)
 ParOldGen       total 200704K, used 198406K [0x00000000c0000000, 0x00000000cc400000, 0x00000000eab00000)
  object space 200704K, 98% used [0x00000000c0000000,0x00000000cc1c19d0,0x00000000cc400000)
 Metaspace       used 110424K, committed 112064K, reserved 1179648K
  class space    used 10975K, committed 11712K, reserved 1048576K
}
Event: 86802.377 GC heap before
{Heap before GC invocations=8674 (full 190):
 PSYoungGen      total 14336K, used 14334K [0x00000000eab00000, 0x00000000ec100000, 0x0000000100000000)
  eden space 12800K, 100% used [0x00000000eab00000,0x00000000eb780000,0x00000000eb780000)
  from space 1536K, 99% used [0x00000000eba80000,0x00000000ebbffb10,0x00000000ebc00000)
  to   space 3072K, 0% used [0x00000000eb780000,0x00000000eb780000,0x00000000eba80000)
 ParOldGen       total 200704K, used 198406K [0x00000000c0000000, 0x00000000cc400000, 0x00000000eab00000)
  object space 200704K, 98% used [0x00000000c0000000,0x00000000cc1c19d0,0x00000000cc400000)
 Metaspace       used 110424K, committed 112064K, reserved 1179648K
  class space    used 10975K, committed 11712K, reserved 1048576K
}
Event: 86802.399 GC heap after
{Heap after GC invocations=8674 (full 190):
 PSYoungGen      total 15872K, used 1380K [0x00000000eab00000, 0x00000000ebe00000, 0x0000000100000000)
  eden space 12800K, 0% used [0x00000000eab00000,0x00000000eab00000,0x00000000eb780000)
  from space 3072K, 44% used [0x00000000eb780000,0x00000000eb8d9210,0x00000000eba80000)
  to   space 2048K, 0% used [0x00000000ebc00000,0x00000000ebc00000,0x00000000ebe00000)
 ParOldGen       total 200704K, used 199833K [0x00000000c0000000, 0x00000000cc400000, 0x00000000eab00000)
  object space 200704K, 99% used [0x00000000c0000000,0x00000000cc3266f0,0x00000000cc400000)
 Metaspace       used 110424K, committed 112064K, reserved 1179648K
  class space    used 10975K, committed 11712K, reserved 1048576K
}
Event: 86802.410 GC heap before
{Heap before GC invocations=8675 (full 191):
 PSYoungGen      total 15872K, used 1380K [0x00000000eab00000, 0x00000000ebe00000, 0x0000000100000000)
  eden space 12800K, 0% used [0x00000000eab00000,0x00000000eab00000,0x00000000eb780000)
  from space 3072K, 44% used [0x00000000eb780000,0x00000000eb8d9210,0x00000000eba80000)
  to   space 2048K, 0% used [0x00000000ebc00000,0x00000000ebc00000,0x00000000ebe00000)
 ParOldGen       total 200704K, used 199833K [0x00000000c0000000, 0x00000000cc400000, 0x00000000eab00000)
  object space 200704K, 99% used [0x00000000c0000000,0x00000000cc3266f0,0x00000000cc400000)
 Metaspace       used 110424K, committed 112064K, reserved 1179648K
  class space    used 10975K, committed 11712K, reserved 1048576K
}

